<?xml version="1.0" encoding="UTF-8"?>
<testng-results skipped="0" failed="1" total="5" passed="4">
  <reporter-output>
  </reporter-output>
  <suite name="Default suite" duration-ms="4826" started-at="2021-03-24T20:00:34Z" finished-at="2021-03-24T20:00:39Z">
    <groups>
    </groups>
    <test name="Default test" duration-ms="4826" started-at="2021-03-24T20:00:34Z" finished-at="2021-03-24T20:00:39Z">
      <class name="IntegrationTests.DeveloperTests">
        <test-method status="PASS" signature="setup()[pri:0, instance:IntegrationTests.DeveloperTests@591f989e]" name="setup" is-config="true" duration-ms="11" started-at="2021-03-24T15:00:34Z" finished-at="2021-03-24T15:00:34Z">
          <reporter-output>
          </reporter-output>
        </test-method> <!-- setup -->
        <test-method status="FAIL" signature="getDevelopers_getsAllDevelopers()[pri:0, instance:IntegrationTests.DeveloperTests@591f989e]" name="getDevelopers_getsAllDevelopers" duration-ms="3223" started-at="2021-03-24T15:00:34Z" finished-at="2021-03-24T15:00:37Z">
          <exception class="java.lang.AssertionError">
            <message>
              <![CDATA[expected [385] but found [377]]]>
            </message>
            <full-stacktrace>
              <![CDATA[java.lang.AssertionError: expected [385] but found [377]
	at org.testng.Assert.fail(Assert.java:94)
	at org.testng.Assert.failNotEquals(Assert.java:494)
	at org.testng.Assert.assertEquals(Assert.java:123)
	at org.testng.Assert.assertEquals(Assert.java:370)
	at org.testng.Assert.assertEquals(Assert.java:380)
	at IntegrationTests.DeveloperTests.getDevelopers_getsAllDevelopers(DeveloperTests.java:120)
	at sun.reflect.NativeMethodAccessorImpl.invoke0(Native Method)
	at sun.reflect.NativeMethodAccessorImpl.invoke(Unknown Source)
	at sun.reflect.DelegatingMethodAccessorImpl.invoke(Unknown Source)
	at java.lang.reflect.Method.invoke(Unknown Source)
	at org.testng.internal.MethodInvocationHelper.invokeMethod(MethodInvocationHelper.java:80)
	at org.testng.internal.Invoker.invokeMethod(Invoker.java:714)
	at org.testng.internal.Invoker.invokeTestMethod(Invoker.java:901)
	at org.testng.internal.Invoker.invokeTestMethods(Invoker.java:1231)
	at org.testng.internal.TestMethodWorker.invokeTestMethods(TestMethodWorker.java:127)
	at org.testng.internal.TestMethodWorker.run(TestMethodWorker.java:111)
	at org.testng.TestRunner.privateRun(TestRunner.java:767)
	at org.testng.TestRunner.run(TestRunner.java:617)
	at org.testng.SuiteRunner.runTest(SuiteRunner.java:334)
	at org.testng.SuiteRunner.runSequentially(SuiteRunner.java:329)
	at org.testng.SuiteRunner.privateRun(SuiteRunner.java:291)
	at org.testng.SuiteRunner.run(SuiteRunner.java:240)
	at org.testng.SuiteRunnerWorker.runSuite(SuiteRunnerWorker.java:52)
	at org.testng.SuiteRunnerWorker.run(SuiteRunnerWorker.java:86)
	at org.testng.TestNG.runSuitesSequentially(TestNG.java:1198)
	at org.testng.TestNG.runSuitesLocally(TestNG.java:1123)
	at org.testng.TestNG.run(TestNG.java:1031)
	at org.testng.remote.RemoteTestNG.run(RemoteTestNG.java:115)
	at org.testng.remote.RemoteTestNG.initAndRun(RemoteTestNG.java:207)
	at org.testng.remote.RemoteTestNG.main(RemoteTestNG.java:178)
]]>
            </full-stacktrace>
          </exception> <!-- java.lang.AssertionError -->
          <reporter-output>
          </reporter-output>
        </test-method> <!-- getDevelopers_getsAllDevelopers -->
        <test-method status="PASS" signature="postDeveloper_postsDeveloper()[pri:0, instance:IntegrationTests.DeveloperTests@591f989e]" name="postDeveloper_postsDeveloper" duration-ms="780" started-at="2021-03-24T15:00:37Z" finished-at="2021-03-24T15:00:38Z">
          <reporter-output>
          </reporter-output>
        </test-method> <!-- postDeveloper_postsDeveloper -->
        <test-method status="PASS" signature="getDeveloperById_getsDeveloper()[pri:0, instance:IntegrationTests.DeveloperTests@591f989e]" name="getDeveloperById_getsDeveloper" duration-ms="219" started-at="2021-03-24T15:00:38Z" finished-at="2021-03-24T15:00:38Z">
          <reporter-output>
          </reporter-output>
        </test-method> <!-- getDeveloperById_getsDeveloper -->
        <test-method status="PASS" signature="putDeveloper_updatesdeveloper()[pri:0, instance:IntegrationTests.DeveloperTests@591f989e]" name="putDeveloper_updatesdeveloper" duration-ms="204" started-at="2021-03-24T15:00:38Z" finished-at="2021-03-24T15:00:38Z">
          <reporter-output>
          </reporter-output>
        </test-method> <!-- putDeveloper_updatesdeveloper -->
        <test-method status="PASS" signature="deleteDeveloper_deletesDeveloper()[pri:0, instance:IntegrationTests.DeveloperTests@591f989e]" name="deleteDeveloper_deletesDeveloper" duration-ms="379" started-at="2021-03-24T15:00:38Z" finished-at="2021-03-24T15:00:39Z">
          <reporter-output>
          </reporter-output>
        </test-method> <!-- deleteDeveloper_deletesDeveloper -->
      </class> <!-- IntegrationTests.DeveloperTests -->
    </test> <!-- Default test -->
  </suite> <!-- Default suite -->
</testng-results>
